Flow report for Tarea1_Clock
Tue Aug 22 08:51:17 2023
Quartus Prime Version 22.1std.1 Build 917 02/14/2023 SC Lite Edition


---------------------
; Table of Contents ;
---------------------
  1. Legal Notice
  2. Flow Summary
  3. Flow Settings
  4. Flow Non-Default Global Settings
  5. Flow Elapsed Time
  6. Flow OS Summary
  7. Flow Log
  8. Flow Messages
  9. Flow Suppressed Messages



----------------
; Legal Notice ;
----------------
Copyright (C) 2023  Intel Corporation. All rights reserved.
Your use of Intel Corporation's design tools, logic functions 
and other software and tools, and any partner logic 
functions, and any output files from any of the foregoing 
(including device programming or simulation files), and any 
associated documentation or information are expressly subject 
to the terms and conditions of the Intel Program License 
Subscription Agreement, the Intel Quartus Prime License Agreement,
the Intel FPGA IP License Agreement, or other applicable license
agreement, including, without limitation, that your use is for
the sole purpose of programming logic devices manufactured by
Intel and sold by Intel or its authorized distributors.  Please
refer to the applicable agreement for further details, at
https://fpgasoftware.intel.com/eula.



+----------------------------------------------------------------------------------+
; Flow Summary                                                                     ;
+---------------------------------+------------------------------------------------+
; Flow Status                     ; Successful - Tue Aug 22 08:51:17 2023          ;
; Quartus Prime Version           ; 22.1std.1 Build 917 02/14/2023 SC Lite Edition ;
; Revision Name                   ; Tarea1_Clock                                   ;
; Top-level Entity Name           ; tarea_1_clock                                  ;
; Family                          ; Cyclone V                                      ;
; Device                          ; 5CSEMA5F31C6                                   ;
; Timing Models                   ; Final                                          ;
; Logic utilization (in ALMs)     ; 412 / 32,070 ( 1 % )                           ;
; Total registers                 ; 577                                            ;
; Total pins                      ; 50 / 457 ( 11 % )                              ;
; Total virtual pins              ; 0                                              ;
; Total block memory bits         ; 198,656 / 4,065,280 ( 5 % )                    ;
; Total DSP Blocks                ; 0 / 87 ( 0 % )                                 ;
; Total HSSI RX PCSs              ; 0                                              ;
; Total HSSI PMA RX Deserializers ; 0                                              ;
; Total HSSI TX PCSs              ; 0                                              ;
; Total HSSI PMA TX Serializers   ; 0                                              ;
; Total PLLs                      ; 0 / 6 ( 0 % )                                  ;
; Total DLLs                      ; 0 / 4 ( 0 % )                                  ;
+---------------------------------+------------------------------------------------+


+-----------------------------------------+
; Flow Settings                           ;
+-------------------+---------------------+
; Option            ; Setting             ;
+-------------------+---------------------+
; Start date & time ; 08/22/2023 08:47:08 ;
; Main task         ; Compilation         ;
; Revision Name     ; Tarea1_Clock        ;
+-------------------+---------------------+


+--------------------------------------------------------------------------------------------------------------------------------------------------+
; Flow Non-Default Global Settings                                                                                                                 ;
+-------------------------------------+----------------------------------------+---------------+---------------+-----------------------------------+
; Assignment Name                     ; Value                                  ; Default Value ; Entity Name   ; Section Id                        ;
+-------------------------------------+----------------------------------------+---------------+---------------+-----------------------------------+
; COMPILER_SIGNATURE_ID               ; 4930995101792.169271562808468          ; --            ; --            ; --                                ;
; EDA_GENERATE_FUNCTIONAL_NETLIST     ; Off                                    ; --            ; --            ; eda_board_design_timing           ;
; EDA_GENERATE_FUNCTIONAL_NETLIST     ; Off                                    ; --            ; --            ; eda_board_design_boundary_scan    ;
; EDA_GENERATE_FUNCTIONAL_NETLIST     ; Off                                    ; --            ; --            ; eda_board_design_signal_integrity ;
; EDA_GENERATE_FUNCTIONAL_NETLIST     ; Off                                    ; --            ; --            ; eda_board_design_symbol           ;
; EDA_OUTPUT_DATA_FORMAT              ; Verilog Hdl                            ; --            ; --            ; eda_simulation                    ;
; EDA_SIMULATION_TOOL                 ; ModelSim (Verilog)                     ; <None>        ; --            ; --                                ;
; EDA_TIME_SCALE                      ; 1 ps                                   ; --            ; --            ; eda_simulation                    ;
; MAX_CORE_JUNCTION_TEMP              ; 85                                     ; --            ; --            ; --                                ;
; MIN_CORE_JUNCTION_TEMP              ; 0                                      ; --            ; --            ; --                                ;
; PARTITION_COLOR                     ; -- (Not supported for targeted family) ; --            ; tarea_1_clock ; Top                               ;
; PARTITION_FITTER_PRESERVATION_LEVEL ; -- (Not supported for targeted family) ; --            ; tarea_1_clock ; Top                               ;
; PARTITION_NETLIST_TYPE              ; -- (Not supported for targeted family) ; --            ; tarea_1_clock ; Top                               ;
; POWER_BOARD_THERMAL_MODEL           ; None (CONSERVATIVE)                    ; --            ; --            ; --                                ;
; POWER_PRESET_COOLING_SOLUTION       ; 23 MM HEAT SINK WITH 200 LFPM AIRFLOW  ; --            ; --            ; --                                ;
; PROJECT_OUTPUT_DIRECTORY            ; output_files                           ; --            ; --            ; --                                ;
; SEARCH_PATH                         ; software/Tarea1_Clock/mem_init/        ; --            ; --            ; --                                ;
; TOP_LEVEL_ENTITY                    ; tarea_1_clock                          ; Tarea1_Clock  ; --            ; --                                ;
+-------------------------------------+----------------------------------------+---------------+---------------+-----------------------------------+


+--------------------------------------------------------------------------------------------------------------------------+
; Flow Elapsed Time                                                                                                        ;
+----------------------+--------------+-------------------------+---------------------+------------------------------------+
; Module Name          ; Elapsed Time ; Average Processors Used ; Peak Virtual Memory ; Total CPU Time (on all processors) ;
+----------------------+--------------+-------------------------+---------------------+------------------------------------+
; Analysis & Synthesis ; 00:00:28     ; 1.0                     ; 4968 MB             ; 00:00:49                           ;
; Fitter               ; 00:03:29     ; 1.0                     ; 7582 MB             ; 00:23:21                           ;
; Assembler            ; 00:00:04     ; 1.0                     ; 4887 MB             ; 00:00:04                           ;
; Timing Analyzer      ; 00:00:04     ; 2.0                     ; 5321 MB             ; 00:00:06                           ;
; EDA Netlist Writer   ; 00:00:00     ; 1.0                     ; 4751 MB             ; 00:00:01                           ;
; Total                ; 00:04:05     ; --                      ; --                  ; 00:24:21                           ;
+----------------------+--------------+-------------------------+---------------------+------------------------------------+


+------------------------------------------------------------------------------------+
; Flow OS Summary                                                                    ;
+----------------------+------------------+------------+------------+----------------+
; Module Name          ; Machine Hostname ; OS Name    ; OS Version ; Processor type ;
+----------------------+------------------+------------+------------+----------------+
; Analysis & Synthesis ; Johnny-PC        ; Windows 10 ; 10.0       ; x86_64         ;
; Fitter               ; Johnny-PC        ; Windows 10 ; 10.0       ; x86_64         ;
; Assembler            ; Johnny-PC        ; Windows 10 ; 10.0       ; x86_64         ;
; Timing Analyzer      ; Johnny-PC        ; Windows 10 ; 10.0       ; x86_64         ;
; EDA Netlist Writer   ; Johnny-PC        ; Windows 10 ; 10.0       ; x86_64         ;
+----------------------+------------------+------------+------------+----------------+


------------
; Flow Log ;
------------
quartus_map --read_settings_files=on --write_settings_files=off Tarea1_Clock -c Tarea1_Clock
quartus_fit --read_settings_files=off --write_settings_files=off Tarea1_Clock -c Tarea1_Clock
quartus_asm --read_settings_files=off --write_settings_files=off Tarea1_Clock -c Tarea1_Clock
quartus_sta Tarea1_Clock -c Tarea1_Clock
quartus_eda --read_settings_files=off --write_settings_files=off Tarea1_Clock -c Tarea1_Clock



