Flow report for HPS_FPGA
Tue Oct 03 06:36:39 2023
Quartus Prime Version 18.1.0 Build 625 09/12/2018 SJ Lite Edition


---------------------
; Table of Contents ;
---------------------
  1. Legal Notice
  2. Flow Summary
  3. Flow Settings
  4. Flow Non-Default Global Settings
  5. Flow Elapsed Time
  6. Flow OS Summary
  7. Flow Log
  8. Flow Messages
  9. Flow Suppressed Messages



----------------
; Legal Notice ;
----------------
Copyright (C) 2018  Intel Corporation. All rights reserved.
Your use of Intel Corporation's design tools, logic functions 
and other software and tools, and its AMPP partner logic 
functions, and any output files from any of the foregoing 
(including device programming or simulation files), and any 
associated documentation or information are expressly subject 
to the terms and conditions of the Intel Program License 
Subscription Agreement, the Intel Quartus Prime License Agreement,
the Intel FPGA IP License Agreement, or other applicable license
agreement, including, without limitation, that your use is for
the sole purpose of programming logic devices manufactured by
Intel and sold by Intel or its authorized distributors.  Please
refer to the applicable agreement for further details.



+-------------------------------------------------------------------------------+
; Flow Summary                                                                  ;
+---------------------------------+---------------------------------------------+
; Flow Status                     ; Successful - Tue Oct 03 06:36:19 2023       ;
; Quartus Prime Version           ; 18.1.0 Build 625 09/12/2018 SJ Lite Edition ;
; Revision Name                   ; HPS_FPGA                                    ;
; Top-level Entity Name           ; HPS_FPGA                                    ;
; Family                          ; Cyclone V                                   ;
; Device                          ; 5CSEMA5F31C6                                ;
; Timing Models                   ; Final                                       ;
; Logic utilization (in ALMs)     ; 3,183 / 32,070 ( 10 % )                     ;
; Total registers                 ; 4032                                        ;
; Total pins                      ; 143 / 457 ( 31 % )                          ;
; Total virtual pins              ; 0                                           ;
; Total block memory bits         ; 2,597,888 / 4,065,280 ( 64 % )              ;
; Total DSP Blocks                ; 2 / 87 ( 2 % )                              ;
; Total HSSI RX PCSs              ; 0                                           ;
; Total HSSI PMA RX Deserializers ; 0                                           ;
; Total HSSI TX PCSs              ; 0                                           ;
; Total HSSI PMA TX Serializers   ; 0                                           ;
; Total PLLs                      ; 0 / 6 ( 0 % )                               ;
; Total DLLs                      ; 1 / 4 ( 25 % )                              ;
+---------------------------------+---------------------------------------------+


+-----------------------------------------+
; Flow Settings                           ;
+-------------------+---------------------+
; Option            ; Setting             ;
+-------------------+---------------------+
; Start date & time ; 10/03/2023 06:32:17 ;
; Main task         ; Compilation         ;
; Revision Name     ; HPS_FPGA            ;
+-------------------+---------------------+


+--------------------------------------------------------------------------------------------------------------------------------------------------+
; Flow Non-Default Global Settings                                                                                                                 ;
+---------------------------------------+----------------------------------------+--------------------------------------+-------------+------------+
; Assignment Name                       ; Value                                  ; Default Value                        ; Entity Name ; Section Id ;
+---------------------------------------+----------------------------------------+--------------------------------------+-------------+------------+
; COMPILER_SIGNATURE_ID                 ; 4930995101792.169633633509476          ; --                                   ; --          ; --         ;
; ECO_REGENERATE_REPORT                 ; On                                     ; Off                                  ; --          ; --         ;
; MAX_CORE_JUNCTION_TEMP                ; 85                                     ; --                                   ; --          ; --         ;
; MIN_CORE_JUNCTION_TEMP                ; 0                                      ; --                                   ; --          ; --         ;
; NUM_PARALLEL_PROCESSORS               ; All                                    ; --                                   ; --          ; --         ;
; PARTITION_COLOR                       ; -- (Not supported for targeted family) ; --                                   ; --          ; Top        ;
; PARTITION_FITTER_PRESERVATION_LEVEL   ; -- (Not supported for targeted family) ; --                                   ; --          ; Top        ;
; PARTITION_NETLIST_TYPE                ; -- (Not supported for targeted family) ; --                                   ; --          ; Top        ;
; POWER_BOARD_THERMAL_MODEL             ; None (CONSERVATIVE)                    ; --                                   ; --          ; --         ;
; POWER_PRESET_COOLING_SOLUTION         ; 23 MM HEAT SINK WITH 200 LFPM AIRFLOW  ; --                                   ; --          ; --         ;
; PROJECT_IP_REGENERATION_POLICY        ; ALWAYS_REGENERATE_IP                   ; SKIP_REGENERATING_IP_IF_HDL_MODIFIED ; --          ; --         ;
; PROJECT_OUTPUT_DIRECTORY              ; output_files                           ; --                                   ; --          ; --         ;
; SEARCH_PATH                           ; software/NUEVO_DESIGN/mem_init/        ; --                                   ; --          ; --         ;
; USE_DLL_FREQUENCY_FOR_DQS_DELAY_CHAIN ; On                                     ; Off                                  ; --          ; --         ;
+---------------------------------------+----------------------------------------+--------------------------------------+-------------+------------+


+--------------------------------------------------------------------------------------------------------------------------+
; Flow Elapsed Time                                                                                                        ;
+----------------------+--------------+-------------------------+---------------------+------------------------------------+
; Module Name          ; Elapsed Time ; Average Processors Used ; Peak Virtual Memory ; Total CPU Time (on all processors) ;
+----------------------+--------------+-------------------------+---------------------+------------------------------------+
; Analysis & Synthesis ; 00:01:31     ; 1.7                     ; 5296 MB             ; 00:03:22                           ;
; Fitter               ; 00:02:15     ; 1.3                     ; 8595 MB             ; 00:17:10                           ;
; Assembler            ; 00:00:08     ; 1.0                     ; 4946 MB             ; 00:00:08                           ;
; Timing Analyzer      ; 00:00:19     ; 2.4                     ; 5925 MB             ; 00:00:39                           ;
; Total                ; 00:04:13     ; --                      ; --                  ; 00:21:19                           ;
+----------------------+--------------+-------------------------+---------------------+------------------------------------+


+------------------------------------------------------------------------------------+
; Flow OS Summary                                                                    ;
+----------------------+------------------+------------+------------+----------------+
; Module Name          ; Machine Hostname ; OS Name    ; OS Version ; Processor type ;
+----------------------+------------------+------------+------------+----------------+
; Analysis & Synthesis ; Johnny-PC        ; Windows 10 ; 10.0       ; x86_64         ;
; Fitter               ; Johnny-PC        ; Windows 10 ; 10.0       ; x86_64         ;
; Assembler            ; Johnny-PC        ; Windows 10 ; 10.0       ; x86_64         ;
; Timing Analyzer      ; Johnny-PC        ; Windows 10 ; 10.0       ; x86_64         ;
+----------------------+------------------+------------+------------+----------------+


------------
; Flow Log ;
------------
quartus_map --read_settings_files=on --write_settings_files=off HPS_FPGA -c HPS_FPGA
quartus_fit --read_settings_files=off --write_settings_files=off HPS_FPGA -c HPS_FPGA
quartus_asm --read_settings_files=off --write_settings_files=off HPS_FPGA -c HPS_FPGA
quartus_sta HPS_FPGA -c HPS_FPGA



