Info: Starting: Create block symbol file (.bsf)
Info: qsys-generate C:\Users\Zaet\Desktop\JAJA\NUEVO\NUEVO_DESIGN.qsys --block-symbol-file --output-directory=C:\Users\Zaet\Desktop\JAJA\NUEVO\NUEVO_DESIGN --family="Cyclone V" --part=5CSEMA5F31C6
Progress: Loading NUEVO/NUEVO_DESIGN.qsys
Progress: Reading input file
Progress: Adding KEYS [altera_avalon_pio 18.1]
Progress: Parameterizing module KEYS
Progress: Adding LEDS [altera_avalon_pio 18.1]
Progress: Parameterizing module LEDS
Progress: Adding SEG1 [altera_avalon_pio 18.1]
Progress: Parameterizing module SEG1
Progress: Adding SEG2 [altera_avalon_pio 18.1]
Progress: Parameterizing module SEG2
Progress: Adding SEG3 [altera_avalon_pio 18.1]
Progress: Parameterizing module SEG3
Progress: Adding SEG4 [altera_avalon_pio 18.1]
Progress: Parameterizing module SEG4
Progress: Adding SEG5 [altera_avalon_pio 18.1]
Progress: Parameterizing module SEG5
Progress: Adding SEG6 [altera_avalon_pio 18.1]
Progress: Parameterizing module SEG6
Progress: Adding SW [altera_avalon_pio 18.1]
Progress: Parameterizing module SW
Progress: Adding clk_0 [clock_source 18.1]
Progress: Parameterizing module clk_0
Progress: Adding hps_0 [altera_hps 18.1]
Progress: Parameterizing module hps_0
Progress: Building connections
Progress: Parameterizing connections
Progress: Validating
Progress: Done reading input file
Info: NUEVO_DESIGN.KEYS: PIO inputs are not hardwired in test bench. Undefined values will be read from PIO inputs during simulation.
Info: NUEVO_DESIGN.SW: PIO inputs are not hardwired in test bench. Undefined values will be read from PIO inputs during simulation.
Info: NUEVO_DESIGN.hps_0: HPS Main PLL counter settings: n = 0  m = 73
Info: NUEVO_DESIGN.hps_0: HPS peripherial PLL counter settings: n = 0  m = 39
Warning: NUEVO_DESIGN.hps_0: "Configuration/HPS-to-FPGA user 0 clock frequency" (desired_cfg_clk_mhz) requested 100.0 MHz, but only achieved 97.368421 MHz
Warning: NUEVO_DESIGN.hps_0: 1 or more output clock frequencies cannot be achieved precisely, consider revising desired output clock frequencies.
Warning: NUEVO_DESIGN.hps_0: ODT is disabled. Enabling ODT (Mode Register 1) may improve signal integrity
Warning: NUEVO_DESIGN.hps_0: set_interface_assignment: Interface "hps_io" does not exist
Info: qsys-generate succeeded.
Info: Finished: Create block symbol file (.bsf)
Info: 
Info: Starting: Create HDL design files for synthesis
Info: qsys-generate C:\Users\Zaet\Desktop\JAJA\NUEVO\NUEVO_DESIGN.qsys --synthesis=VERILOG --output-directory=C:\Users\Zaet\Desktop\JAJA\NUEVO\NUEVO_DESIGN\synthesis --family="Cyclone V" --part=5CSEMA5F31C6
Progress: Loading NUEVO/NUEVO_DESIGN.qsys
Progress: Reading input file
Progress: Adding KEYS [altera_avalon_pio 18.1]
Progress: Parameterizing module KEYS
Progress: Adding LEDS [altera_avalon_pio 18.1]
Progress: Parameterizing module LEDS
Progress: Adding SEG1 [altera_avalon_pio 18.1]
Progress: Parameterizing module SEG1
Progress: Adding SEG2 [altera_avalon_pio 18.1]
Progress: Parameterizing module SEG2
Progress: Adding SEG3 [altera_avalon_pio 18.1]
Progress: Parameterizing module SEG3
Progress: Adding SEG4 [altera_avalon_pio 18.1]
Progress: Parameterizing module SEG4
Progress: Adding SEG5 [altera_avalon_pio 18.1]
Progress: Parameterizing module SEG5
Progress: Adding SEG6 [altera_avalon_pio 18.1]
Progress: Parameterizing module SEG6
Progress: Adding SW [altera_avalon_pio 18.1]
Progress: Parameterizing module SW
Progress: Adding clk_0 [clock_source 18.1]
Progress: Parameterizing module clk_0
Progress: Adding hps_0 [altera_hps 18.1]
Progress: Parameterizing module hps_0
Progress: Building connections
Progress: Parameterizing connections
Progress: Validating
Progress: Done reading input file
Info: NUEVO_DESIGN.KEYS: PIO inputs are not hardwired in test bench. Undefined values will be read from PIO inputs during simulation.
Info: NUEVO_DESIGN.SW: PIO inputs are not hardwired in test bench. Undefined values will be read from PIO inputs during simulation.
Info: NUEVO_DESIGN.hps_0: HPS Main PLL counter settings: n = 0  m = 73
Info: NUEVO_DESIGN.hps_0: HPS peripherial PLL counter settings: n = 0  m = 39
Warning: NUEVO_DESIGN.hps_0: "Configuration/HPS-to-FPGA user 0 clock frequency" (desired_cfg_clk_mhz) requested 100.0 MHz, but only achieved 97.368421 MHz
Warning: NUEVO_DESIGN.hps_0: 1 or more output clock frequencies cannot be achieved precisely, consider revising desired output clock frequencies.
Warning: NUEVO_DESIGN.hps_0: ODT is disabled. Enabling ODT (Mode Register 1) may improve signal integrity
Warning: NUEVO_DESIGN.hps_0: set_interface_assignment: Interface "hps_io" does not exist
Info: NUEVO_DESIGN: Generating NUEVO_DESIGN "NUEVO_DESIGN" for QUARTUS_SYNTH
Info: KEYS: Starting RTL generation for module 'NUEVO_DESIGN_KEYS'
Info: KEYS:   Generation command is [exec C:/intelfpga/18.1/quartus/bin64/perl/bin/perl.exe -I C:/intelfpga/18.1/quartus/bin64/perl/lib -I C:/intelfpga/18.1/quartus/sopc_builder/bin/europa -I C:/intelfpga/18.1/quartus/sopc_builder/bin/perl_lib -I C:/intelfpga/18.1/quartus/sopc_builder/bin -I C:/intelfpga/18.1/quartus/../ip/altera/sopc_builder_ip/common -I C:/intelfpga/18.1/quartus/../ip/altera/sopc_builder_ip/altera_avalon_pio -- C:/intelfpga/18.1/quartus/../ip/altera/sopc_builder_ip/altera_avalon_pio/generate_rtl.pl --name=NUEVO_DESIGN_KEYS --dir=C:/Users/Zaet/AppData/Local/Temp/alt9632_4840794823150721518.dir/0002_KEYS_gen/ --quartus_dir=C:/intelfpga/18.1/quartus --verilog --config=C:/Users/Zaet/AppData/Local/Temp/alt9632_4840794823150721518.dir/0002_KEYS_gen//NUEVO_DESIGN_KEYS_component_configuration.pl  --do_build_sim=0  ]
Info: KEYS: Done RTL generation for module 'NUEVO_DESIGN_KEYS'
Info: KEYS: "NUEVO_DESIGN" instantiated altera_avalon_pio "KEYS"
Info: LEDS: Starting RTL generation for module 'NUEVO_DESIGN_LEDS'
Info: LEDS:   Generation command is [exec C:/intelfpga/18.1/quartus/bin64/perl/bin/perl.exe -I C:/intelfpga/18.1/quartus/bin64/perl/lib -I C:/intelfpga/18.1/quartus/sopc_builder/bin/europa -I C:/intelfpga/18.1/quartus/sopc_builder/bin/perl_lib -I C:/intelfpga/18.1/quartus/sopc_builder/bin -I C:/intelfpga/18.1/quartus/../ip/altera/sopc_builder_ip/common -I C:/intelfpga/18.1/quartus/../ip/altera/sopc_builder_ip/altera_avalon_pio -- C:/intelfpga/18.1/quartus/../ip/altera/sopc_builder_ip/altera_avalon_pio/generate_rtl.pl --name=NUEVO_DESIGN_LEDS --dir=C:/Users/Zaet/AppData/Local/Temp/alt9632_4840794823150721518.dir/0003_LEDS_gen/ --quartus_dir=C:/intelfpga/18.1/quartus --verilog --config=C:/Users/Zaet/AppData/Local/Temp/alt9632_4840794823150721518.dir/0003_LEDS_gen//NUEVO_DESIGN_LEDS_component_configuration.pl  --do_build_sim=0  ]
Info: LEDS: Done RTL generation for module 'NUEVO_DESIGN_LEDS'
Info: LEDS: "NUEVO_DESIGN" instantiated altera_avalon_pio "LEDS"
Info: SEG1: Starting RTL generation for module 'NUEVO_DESIGN_SEG1'
Info: SEG1:   Generation command is [exec C:/intelfpga/18.1/quartus/bin64/perl/bin/perl.exe -I C:/intelfpga/18.1/quartus/bin64/perl/lib -I C:/intelfpga/18.1/quartus/sopc_builder/bin/europa -I C:/intelfpga/18.1/quartus/sopc_builder/bin/perl_lib -I C:/intelfpga/18.1/quartus/sopc_builder/bin -I C:/intelfpga/18.1/quartus/../ip/altera/sopc_builder_ip/common -I C:/intelfpga/18.1/quartus/../ip/altera/sopc_builder_ip/altera_avalon_pio -- C:/intelfpga/18.1/quartus/../ip/altera/sopc_builder_ip/altera_avalon_pio/generate_rtl.pl --name=NUEVO_DESIGN_SEG1 --dir=C:/Users/Zaet/AppData/Local/Temp/alt9632_4840794823150721518.dir/0004_SEG1_gen/ --quartus_dir=C:/intelfpga/18.1/quartus --verilog --config=C:/Users/Zaet/AppData/Local/Temp/alt9632_4840794823150721518.dir/0004_SEG1_gen//NUEVO_DESIGN_SEG1_component_configuration.pl  --do_build_sim=0  ]
Info: SEG1: Done RTL generation for module 'NUEVO_DESIGN_SEG1'
Info: SEG1: "NUEVO_DESIGN" instantiated altera_avalon_pio "SEG1"
Info: SW: Starting RTL generation for module 'NUEVO_DESIGN_SW'
Info: SW:   Generation command is [exec C:/intelfpga/18.1/quartus/bin64/perl/bin/perl.exe -I C:/intelfpga/18.1/quartus/bin64/perl/lib -I C:/intelfpga/18.1/quartus/sopc_builder/bin/europa -I C:/intelfpga/18.1/quartus/sopc_builder/bin/perl_lib -I C:/intelfpga/18.1/quartus/sopc_builder/bin -I C:/intelfpga/18.1/quartus/../ip/altera/sopc_builder_ip/common -I C:/intelfpga/18.1/quartus/../ip/altera/sopc_builder_ip/altera_avalon_pio -- C:/intelfpga/18.1/quartus/../ip/altera/sopc_builder_ip/altera_avalon_pio/generate_rtl.pl --name=NUEVO_DESIGN_SW --dir=C:/Users/Zaet/AppData/Local/Temp/alt9632_4840794823150721518.dir/0005_SW_gen/ --quartus_dir=C:/intelfpga/18.1/quartus --verilog --config=C:/Users/Zaet/AppData/Local/Temp/alt9632_4840794823150721518.dir/0005_SW_gen//NUEVO_DESIGN_SW_component_configuration.pl  --do_build_sim=0  ]
Info: SW: Done RTL generation for module 'NUEVO_DESIGN_SW'
Info: SW: "NUEVO_DESIGN" instantiated altera_avalon_pio "SW"
Info: hps_0: "Running  for module: hps_0"
Info: hps_0: HPS Main PLL counter settings: n = 0  m = 73
Info: hps_0: HPS peripherial PLL counter settings: n = 0  m = 39
Warning: hps_0: "Configuration/HPS-to-FPGA user 0 clock frequency" (desired_cfg_clk_mhz) requested 100.0 MHz, but only achieved 97.368421 MHz
Warning: hps_0: 1 or more output clock frequencies cannot be achieved precisely, consider revising desired output clock frequencies.
Warning: hps_0: ODT is disabled. Enabling ODT (Mode Register 1) may improve signal integrity
Warning: hps_0: set_interface_assignment: Interface "hps_io" does not exist
Info: hps_0: "NUEVO_DESIGN" instantiated altera_hps "hps_0"
Info: avalon_st_adapter: Inserting error_adapter: error_adapter_0
Info: avalon_st_adapter_001: Inserting error_adapter: error_adapter_0
Info: avalon_st_adapter_002: Inserting error_adapter: error_adapter_0
Info: avalon_st_adapter_003: Inserting error_adapter: error_adapter_0
Info: avalon_st_adapter_004: Inserting error_adapter: error_adapter_0
Info: avalon_st_adapter_005: Inserting error_adapter: error_adapter_0
Info: avalon_st_adapter_006: Inserting error_adapter: error_adapter_0
Info: avalon_st_adapter_007: Inserting error_adapter: error_adapter_0
Info: avalon_st_adapter_008: Inserting error_adapter: error_adapter_0
Info: mm_interconnect_0: "NUEVO_DESIGN" instantiated altera_mm_interconnect "mm_interconnect_0"
Info: rst_controller: "NUEVO_DESIGN" instantiated altera_reset_controller "rst_controller"
Info: fpga_interfaces: "hps_0" instantiated altera_interface_generator "fpga_interfaces"
Info: hps_io: "hps_0" instantiated altera_hps_io "hps_io"
Info: LEDS_s1_translator: "mm_interconnect_0" instantiated altera_merlin_slave_translator "LEDS_s1_translator"
Info: hps_0_h2f_lw_axi_master_agent: "mm_interconnect_0" instantiated altera_merlin_axi_master_ni "hps_0_h2f_lw_axi_master_agent"
Info: LEDS_s1_agent: "mm_interconnect_0" instantiated altera_merlin_slave_agent "LEDS_s1_agent"
Info: LEDS_s1_agent_rsp_fifo: "mm_interconnect_0" instantiated altera_avalon_sc_fifo "LEDS_s1_agent_rsp_fifo"
Info: router: "mm_interconnect_0" instantiated altera_merlin_router "router"
Info: router_002: "mm_interconnect_0" instantiated altera_merlin_router "router_002"
Info: hps_0_h2f_lw_axi_master_wr_limiter: "mm_interconnect_0" instantiated altera_merlin_traffic_limiter "hps_0_h2f_lw_axi_master_wr_limiter"
Info: Reusing file C:/Users/Zaet/Desktop/JAJA/NUEVO/NUEVO_DESIGN/synthesis/submodules/altera_avalon_sc_fifo.v
Info: LEDS_s1_burst_adapter: "mm_interconnect_0" instantiated altera_merlin_burst_adapter "LEDS_s1_burst_adapter"
Info: Reusing file C:/Users/Zaet/Desktop/JAJA/NUEVO/NUEVO_DESIGN/synthesis/submodules/altera_merlin_address_alignment.sv
Info: Reusing file C:/Users/Zaet/Desktop/JAJA/NUEVO/NUEVO_DESIGN/synthesis/submodules/altera_avalon_st_pipeline_base.v
Info: cmd_demux: "mm_interconnect_0" instantiated altera_merlin_demultiplexer "cmd_demux"
Info: cmd_mux: "mm_interconnect_0" instantiated altera_merlin_multiplexer "cmd_mux"
Info: rsp_demux: "mm_interconnect_0" instantiated altera_merlin_demultiplexer "rsp_demux"
Info: rsp_mux: "mm_interconnect_0" instantiated altera_merlin_multiplexer "rsp_mux"
Info: Reusing file C:/Users/Zaet/Desktop/JAJA/NUEVO/NUEVO_DESIGN/synthesis/submodules/altera_merlin_arbitrator.sv
Info: avalon_st_adapter: "mm_interconnect_0" instantiated altera_avalon_st_adapter "avalon_st_adapter"
Info: border: "hps_io" instantiated altera_interface_generator "border"
Info: error_adapter_0: "avalon_st_adapter" instantiated error_adapter "error_adapter_0"
Info: NUEVO_DESIGN: Done "NUEVO_DESIGN" with 25 modules, 81 files
Info: qsys-generate succeeded.
Info: Finished: Create HDL design files for synthesis
